#-----------------------------------------------------------
# Vivado v2018.1 (64-bit)
# SW Build 2188600 on Wed Apr  4 18:40:38 MDT 2018
# IP Build 2185939 on Wed Apr  4 20:55:05 MDT 2018
# Start of session at: Mon Jun 18 10:08:11 2018
# Process ID: 15236
# Current directory: C:/Users/hugob/Desktop/Stage/Projets/project_2
# Command line: vivado.exe -gui_launcher_event rodinguilauncherevent14532 C:\Users\hugob\Desktop\Stage\Projets\project_2\project_2.xpr
# Log file: C:/Users/hugob/Desktop/Stage/Projets/project_2/vivado.log
# Journal file: C:/Users/hugob/Desktop/Stage/Projets/project_2\vivado.jou
#-----------------------------------------------------------
start_gui
open_project C:/Users/hugob/Desktop/Stage/Projets/project_2/project_2.xpr
INFO: [Project 1-313] Project file moved from 'C:/Users/hugob/Desktop/project_2' since last save.
WARNING: [Project 1-312] File not found as 'C:/Users/hugob/Desktop/Stage/Projets/Nexys4_Master.xdc'; using path 'C:/Users/hugob/Desktop/Nexys4_Master.xdc' instead.
Scanning sources...
Finished scanning sources
WARNING: [Project 1-312] File not found as 'C:/Users/hugob/Desktop/Stage/Projets/Nexys4_Master.xdc'; using path 'C:/Users/hugob/Desktop/Nexys4_Master.xdc' instead.
WARNING: [Project 1-312] File not found as 'C:/Users/hugob/Desktop/Stage/Projets/Nexys4_Master.xdc'; using path 'C:/Users/hugob/Desktop/Nexys4_Master.xdc' instead.
INFO: [IP_Flow 19-234] Refreshing IP repositories
INFO: [IP_Flow 19-1704] No user IP repositories specified
INFO: [IP_Flow 19-2313] Loaded Vivado IP repository 'C:/Vivado/Vivado/2018.1/data/ip'.
open_project: Time (s): cpu = 00:00:12 ; elapsed = 00:00:07 . Memory (MB): peak = 877.504 ; gain = 136.664
update_compile_order -fileset sources_1
reset_run synth_1
launch_runs impl_1 -jobs 4
[Mon Jun 18 10:12:30 2018] Launched synth_1...
Run output will be captured here: C:/Users/hugob/Desktop/Stage/Projets/project_2/project_2.runs/synth_1/runme.log
[Mon Jun 18 10:12:30 2018] Launched impl_1...
Run output will be captured here: C:/Users/hugob/Desktop/Stage/Projets/project_2/project_2.runs/impl_1/runme.log
launch_runs impl_1 -to_step write_bitstream -jobs 4
[Mon Jun 18 10:17:01 2018] Launched impl_1...
Run output will be captured here: C:/Users/hugob/Desktop/Stage/Projets/project_2/project_2.runs/impl_1/runme.log
reset_run synth_1
launch_runs synth_1 -jobs 4
[Mon Jun 18 10:18:09 2018] Launched synth_1...
Run output will be captured here: C:/Users/hugob/Desktop/Stage/Projets/project_2/project_2.runs/synth_1/runme.log
launch_runs impl_1 -jobs 4
[Mon Jun 18 10:19:28 2018] Launched impl_1...
Run output will be captured here: C:/Users/hugob/Desktop/Stage/Projets/project_2/project_2.runs/impl_1/runme.log
launch_runs impl_1 -to_step write_bitstream -jobs 4
[Mon Jun 18 10:21:07 2018] Launched impl_1...
Run output will be captured here: C:/Users/hugob/Desktop/Stage/Projets/project_2/project_2.runs/impl_1/runme.log
reset_run synth_1
launch_runs synth_1 -jobs 4
[Mon Jun 18 10:22:44 2018] Launched synth_1...
Run output will be captured here: C:/Users/hugob/Desktop/Stage/Projets/project_2/project_2.runs/synth_1/runme.log
launch_runs impl_1 -jobs 4
[Mon Jun 18 10:24:56 2018] Launched impl_1...
Run output will be captured here: C:/Users/hugob/Desktop/Stage/Projets/project_2/project_2.runs/impl_1/runme.log
launch_runs impl_1 -to_step write_bitstream -jobs 4
[Mon Jun 18 10:26:41 2018] Launched impl_1...
Run output will be captured here: C:/Users/hugob/Desktop/Stage/Projets/project_2/project_2.runs/impl_1/runme.log
open_hw
connect_hw_server
INFO: [Labtools 27-2285] Connecting to hw_server url TCP:localhost:3121
INFO: [Labtools 27-2222] Launching hw_server...
INFO: [Labtools 27-2221] Launch Output:

****** Xilinx hw_server v2018.1
  **** Build date : Apr  4 2018-19:32:53
    ** Copyright 1986-2018 Xilinx, Inc. All Rights Reserved.


connect_hw_server: Time (s): cpu = 00:00:01 ; elapsed = 00:00:05 . Memory (MB): peak = 934.516 ; gain = 0.000
open_hw_target
INFO: [Labtoolstcl 44-466] Opening hw_target localhost:3121/xilinx_tcf/Digilent/210274505169A
set_property PROGRAM.FILE {C:/Users/hugob/Desktop/Stage/Projets/project_2/project_2.runs/impl_1/t_serial.bit} [get_hw_devices xc7a100t_0]
current_hw_device [get_hw_devices xc7a100t_0]
refresh_hw_device -update_hw_probes false [lindex [get_hw_devices xc7a100t_0] 0]
INFO: [Labtools 27-1434] Device xc7a100t (JTAG device index = 0) is programmed with a design that has no supported debug core(s) in it.
WARNING: [Labtools 27-3361] The debug hub core was not detected.
Resolution: 
1. Make sure the clock connected to the debug hub (dbg_hub) core is a free running clock and is active.
2. Make sure the BSCAN_SWITCH_USER_MASK device property in Vivado Hardware Manager reflects the user scan chain setting in the design and refresh the device.  To determine the user scan chain setting in the design, open the implemented design and use 'get_property C_USER_SCAN_CHAIN [get_debug_cores dbg_hub]'.
For more details on setting the scan chain property, consult the Vivado Debug and Programming User Guide (UG908).
set_property PROBES.FILE {} [get_hw_devices xc7a100t_0]
set_property FULL_PROBES.FILE {} [get_hw_devices xc7a100t_0]
set_property PROGRAM.FILE {C:/Users/hugob/Desktop/Stage/Projets/project_2/project_2.runs/impl_1/t_serial.bit} [get_hw_devices xc7a100t_0]
program_hw_devices [get_hw_devices xc7a100t_0]
INFO: [Labtools 27-3164] End of startup status: HIGH
refresh_hw_device [lindex [get_hw_devices xc7a100t_0] 0]
INFO: [Labtools 27-1434] Device xc7a100t (JTAG device index = 0) is programmed with a design that has no supported debug core(s) in it.
WARNING: [Labtools 27-3361] The debug hub core was not detected.
Resolution: 
1. Make sure the clock connected to the debug hub (dbg_hub) core is a free running clock and is active.
2. Make sure the BSCAN_SWITCH_USER_MASK device property in Vivado Hardware Manager reflects the user scan chain setting in the design and refresh the device.  To determine the user scan chain setting in the design, open the implemented design and use 'get_property C_USER_SCAN_CHAIN [get_debug_cores dbg_hub]'.
For more details on setting the scan chain property, consult the Vivado Debug and Programming User Guide (UG908).
reset_run synth_1
launch_runs synth_1 -jobs 4
[Mon Jun 18 10:36:27 2018] Launched synth_1...
Run output will be captured here: C:/Users/hugob/Desktop/Stage/Projets/project_2/project_2.runs/synth_1/runme.log
launch_runs impl_1 -jobs 4
[Mon Jun 18 10:40:12 2018] Launched impl_1...
Run output will be captured here: C:/Users/hugob/Desktop/Stage/Projets/project_2/project_2.runs/impl_1/runme.log
launch_runs impl_1 -to_step write_bitstream -jobs 4
[Mon Jun 18 10:42:27 2018] Launched impl_1...
Run output will be captured here: C:/Users/hugob/Desktop/Stage/Projets/project_2/project_2.runs/impl_1/runme.log
reset_run synth_1
launch_runs synth_1 -jobs 4
[Mon Jun 18 10:49:27 2018] Launched synth_1...
Run output will be captured here: C:/Users/hugob/Desktop/Stage/Projets/project_2/project_2.runs/synth_1/runme.log
launch_runs impl_1 -jobs 4
[Mon Jun 18 10:53:46 2018] Launched impl_1...
Run output will be captured here: C:/Users/hugob/Desktop/Stage/Projets/project_2/project_2.runs/impl_1/runme.log
launch_runs impl_1 -to_step write_bitstream -jobs 4
[Mon Jun 18 10:57:45 2018] Launched impl_1...
Run output will be captured here: C:/Users/hugob/Desktop/Stage/Projets/project_2/project_2.runs/impl_1/runme.log
set_property PROBES.FILE {} [get_hw_devices xc7a100t_0]
set_property FULL_PROBES.FILE {} [get_hw_devices xc7a100t_0]
set_property PROGRAM.FILE {C:/Users/hugob/Desktop/Stage/Projets/project_2/project_2.runs/impl_1/t_serial.bit} [get_hw_devices xc7a100t_0]
program_hw_devices [get_hw_devices xc7a100t_0]
INFO: [Labtools 27-3164] End of startup status: HIGH
refresh_hw_device [lindex [get_hw_devices xc7a100t_0] 0]
INFO: [Labtools 27-1434] Device xc7a100t (JTAG device index = 0) is programmed with a design that has no supported debug core(s) in it.
WARNING: [Labtools 27-3361] The debug hub core was not detected.
Resolution: 
1. Make sure the clock connected to the debug hub (dbg_hub) core is a free running clock and is active.
2. Make sure the BSCAN_SWITCH_USER_MASK device property in Vivado Hardware Manager reflects the user scan chain setting in the design and refresh the device.  To determine the user scan chain setting in the design, open the implemented design and use 'get_property C_USER_SCAN_CHAIN [get_debug_cores dbg_hub]'.
For more details on setting the scan chain property, consult the Vivado Debug and Programming User Guide (UG908).
reset_run synth_1
launch_runs synth_1 -jobs 4
[Mon Jun 18 11:01:28 2018] Launched synth_1...
Run output will be captured here: C:/Users/hugob/Desktop/Stage/Projets/project_2/project_2.runs/synth_1/runme.log
launch_runs impl_1 -jobs 4
[Mon Jun 18 11:04:21 2018] Launched impl_1...
Run output will be captured here: C:/Users/hugob/Desktop/Stage/Projets/project_2/project_2.runs/impl_1/runme.log
launch_runs impl_1 -to_step write_bitstream -jobs 4
[Mon Jun 18 11:06:45 2018] Launched impl_1...
Run output will be captured here: C:/Users/hugob/Desktop/Stage/Projets/project_2/project_2.runs/impl_1/runme.log
set_property PROBES.FILE {} [get_hw_devices xc7a100t_0]
set_property FULL_PROBES.FILE {} [get_hw_devices xc7a100t_0]
set_property PROGRAM.FILE {C:/Users/hugob/Desktop/Stage/Projets/project_2/project_2.runs/impl_1/t_serial.bit} [get_hw_devices xc7a100t_0]
program_hw_devices [get_hw_devices xc7a100t_0]
INFO: [Labtools 27-3164] End of startup status: HIGH
refresh_hw_device [lindex [get_hw_devices xc7a100t_0] 0]
INFO: [Labtools 27-1434] Device xc7a100t (JTAG device index = 0) is programmed with a design that has no supported debug core(s) in it.
WARNING: [Labtools 27-3361] The debug hub core was not detected.
Resolution: 
1. Make sure the clock connected to the debug hub (dbg_hub) core is a free running clock and is active.
2. Make sure the BSCAN_SWITCH_USER_MASK device property in Vivado Hardware Manager reflects the user scan chain setting in the design and refresh the device.  To determine the user scan chain setting in the design, open the implemented design and use 'get_property C_USER_SCAN_CHAIN [get_debug_cores dbg_hub]'.
For more details on setting the scan chain property, consult the Vivado Debug and Programming User Guide (UG908).
reset_run synth_1
launch_runs synth_1 -jobs 4
[Mon Jun 18 11:11:29 2018] Launched synth_1...
Run output will be captured here: C:/Users/hugob/Desktop/Stage/Projets/project_2/project_2.runs/synth_1/runme.log
launch_runs impl_1 -jobs 4
[Mon Jun 18 11:12:42 2018] Launched impl_1...
Run output will be captured here: C:/Users/hugob/Desktop/Stage/Projets/project_2/project_2.runs/impl_1/runme.log
launch_runs impl_1 -to_step write_bitstream -jobs 4
[Mon Jun 18 11:14:44 2018] Launched impl_1...
Run output will be captured here: C:/Users/hugob/Desktop/Stage/Projets/project_2/project_2.runs/impl_1/runme.log
set_property PROBES.FILE {} [get_hw_devices xc7a100t_0]
set_property FULL_PROBES.FILE {} [get_hw_devices xc7a100t_0]
set_property PROGRAM.FILE {C:/Users/hugob/Desktop/Stage/Projets/project_2/project_2.runs/impl_1/t_serial.bit} [get_hw_devices xc7a100t_0]
program_hw_devices [get_hw_devices xc7a100t_0]
INFO: [Labtools 27-3164] End of startup status: HIGH
refresh_hw_device [lindex [get_hw_devices xc7a100t_0] 0]
INFO: [Labtools 27-1434] Device xc7a100t (JTAG device index = 0) is programmed with a design that has no supported debug core(s) in it.
WARNING: [Labtools 27-3361] The debug hub core was not detected.
Resolution: 
1. Make sure the clock connected to the debug hub (dbg_hub) core is a free running clock and is active.
2. Make sure the BSCAN_SWITCH_USER_MASK device property in Vivado Hardware Manager reflects the user scan chain setting in the design and refresh the device.  To determine the user scan chain setting in the design, open the implemented design and use 'get_property C_USER_SCAN_CHAIN [get_debug_cores dbg_hub]'.
For more details on setting the scan chain property, consult the Vivado Debug and Programming User Guide (UG908).
reset_run synth_1
launch_runs synth_1 -jobs 4
[Mon Jun 18 11:21:11 2018] Launched synth_1...
Run output will be captured here: C:/Users/hugob/Desktop/Stage/Projets/project_2/project_2.runs/synth_1/runme.log
launch_runs impl_1 -jobs 4
[Mon Jun 18 11:22:35 2018] Launched impl_1...
Run output will be captured here: C:/Users/hugob/Desktop/Stage/Projets/project_2/project_2.runs/impl_1/runme.log
launch_runs impl_1 -to_step write_bitstream -jobs 4
[Mon Jun 18 11:24:24 2018] Launched impl_1...
Run output will be captured here: C:/Users/hugob/Desktop/Stage/Projets/project_2/project_2.runs/impl_1/runme.log
set_property PROBES.FILE {} [get_hw_devices xc7a100t_0]
set_property FULL_PROBES.FILE {} [get_hw_devices xc7a100t_0]
set_property PROGRAM.FILE {C:/Users/hugob/Desktop/Stage/Projets/project_2/project_2.runs/impl_1/t_serial.bit} [get_hw_devices xc7a100t_0]
program_hw_devices [get_hw_devices xc7a100t_0]
INFO: [Labtools 27-3164] End of startup status: HIGH
refresh_hw_device [lindex [get_hw_devices xc7a100t_0] 0]
INFO: [Labtools 27-1434] Device xc7a100t (JTAG device index = 0) is programmed with a design that has no supported debug core(s) in it.
WARNING: [Labtools 27-3361] The debug hub core was not detected.
Resolution: 
1. Make sure the clock connected to the debug hub (dbg_hub) core is a free running clock and is active.
2. Make sure the BSCAN_SWITCH_USER_MASK device property in Vivado Hardware Manager reflects the user scan chain setting in the design and refresh the device.  To determine the user scan chain setting in the design, open the implemented design and use 'get_property C_USER_SCAN_CHAIN [get_debug_cores dbg_hub]'.
For more details on setting the scan chain property, consult the Vivado Debug and Programming User Guide (UG908).
reset_run synth_1
launch_runs synth_1 -jobs 4
[Mon Jun 18 11:30:53 2018] Launched synth_1...
Run output will be captured here: C:/Users/hugob/Desktop/Stage/Projets/project_2/project_2.runs/synth_1/runme.log
launch_runs impl_1 -jobs 4
[Mon Jun 18 11:34:26 2018] Launched impl_1...
Run output will be captured here: C:/Users/hugob/Desktop/Stage/Projets/project_2/project_2.runs/impl_1/runme.log
launch_runs impl_1 -to_step write_bitstream -jobs 4
[Mon Jun 18 11:44:50 2018] Launched impl_1...
Run output will be captured here: C:/Users/hugob/Desktop/Stage/Projets/project_2/project_2.runs/impl_1/runme.log
ERROR: [Labtoolstcl 44-513] HW Target shutdown. Closing target: localhost:3121/xilinx_tcf/Digilent/210274505169A
INFO: [Labtoolstcl 44-466] Opening hw_target localhost:3121/xilinx_tcf/Digilent/210274505169A
INFO: [Labtools 27-1435] Device xc7a100t (JTAG device index = 0) is not programmed (DONE status = 0).
WARNING: [Labtoolstcl 44-129] No matching hw_ila_data was found.
set_property PROBES.FILE {} [get_hw_devices xc7a100t_0]
set_property FULL_PROBES.FILE {} [get_hw_devices xc7a100t_0]
set_property PROGRAM.FILE {C:/Users/hugob/Desktop/Stage/Projets/project_2/project_2.runs/impl_1/t_serial.bit} [get_hw_devices xc7a100t_0]
program_hw_devices [get_hw_devices xc7a100t_0]
INFO: [Labtools 27-3164] End of startup status: HIGH
refresh_hw_device [lindex [get_hw_devices xc7a100t_0] 0]
INFO: [Labtools 27-1434] Device xc7a100t (JTAG device index = 0) is programmed with a design that has no supported debug core(s) in it.
WARNING: [Labtools 27-3361] The debug hub core was not detected.
Resolution: 
1. Make sure the clock connected to the debug hub (dbg_hub) core is a free running clock and is active.
2. Make sure the BSCAN_SWITCH_USER_MASK device property in Vivado Hardware Manager reflects the user scan chain setting in the design and refresh the device.  To determine the user scan chain setting in the design, open the implemented design and use 'get_property C_USER_SCAN_CHAIN [get_debug_cores dbg_hub]'.
For more details on setting the scan chain property, consult the Vivado Debug and Programming User Guide (UG908).
reset_run synth_1
launch_runs synth_1 -jobs 4
[Mon Jun 18 14:13:46 2018] Launched synth_1...
Run output will be captured here: C:/Users/hugob/Desktop/Stage/Projets/project_2/project_2.runs/synth_1/runme.log
reset_run synth_1
launch_runs synth_1 -jobs 4
[Mon Jun 18 14:14:42 2018] Launched synth_1...
Run output will be captured here: C:/Users/hugob/Desktop/Stage/Projets/project_2/project_2.runs/synth_1/runme.log
launch_runs impl_1 -jobs 4
[Mon Jun 18 14:15:35 2018] Launched impl_1...
Run output will be captured here: C:/Users/hugob/Desktop/Stage/Projets/project_2/project_2.runs/impl_1/runme.log
launch_runs impl_1 -to_step write_bitstream -jobs 4
[Mon Jun 18 14:17:01 2018] Launched impl_1...
Run output will be captured here: C:/Users/hugob/Desktop/Stage/Projets/project_2/project_2.runs/impl_1/runme.log
set_property PROBES.FILE {} [get_hw_devices xc7a100t_0]
set_property FULL_PROBES.FILE {} [get_hw_devices xc7a100t_0]
set_property PROGRAM.FILE {C:/Users/hugob/Desktop/Stage/Projets/project_2/project_2.runs/impl_1/t_serial.bit} [get_hw_devices xc7a100t_0]
program_hw_devices [get_hw_devices xc7a100t_0]
INFO: [Labtools 27-3164] End of startup status: HIGH
refresh_hw_device [lindex [get_hw_devices xc7a100t_0] 0]
INFO: [Labtools 27-1434] Device xc7a100t (JTAG device index = 0) is programmed with a design that has no supported debug core(s) in it.
WARNING: [Labtools 27-3361] The debug hub core was not detected.
Resolution: 
1. Make sure the clock connected to the debug hub (dbg_hub) core is a free running clock and is active.
2. Make sure the BSCAN_SWITCH_USER_MASK device property in Vivado Hardware Manager reflects the user scan chain setting in the design and refresh the device.  To determine the user scan chain setting in the design, open the implemented design and use 'get_property C_USER_SCAN_CHAIN [get_debug_cores dbg_hub]'.
For more details on setting the scan chain property, consult the Vivado Debug and Programming User Guide (UG908).
set_property PROBES.FILE {} [get_hw_devices xc7a100t_0]
set_property FULL_PROBES.FILE {} [get_hw_devices xc7a100t_0]
set_property PROGRAM.FILE {C:/Users/hugob/Desktop/Stage/Projets/project_2/project_2.runs/impl_1/t_serial.bit} [get_hw_devices xc7a100t_0]
program_hw_devices [get_hw_devices xc7a100t_0]
INFO: [Labtools 27-3164] End of startup status: HIGH
refresh_hw_device [lindex [get_hw_devices xc7a100t_0] 0]
INFO: [Labtools 27-1434] Device xc7a100t (JTAG device index = 0) is programmed with a design that has no supported debug core(s) in it.
WARNING: [Labtools 27-3361] The debug hub core was not detected.
Resolution: 
1. Make sure the clock connected to the debug hub (dbg_hub) core is a free running clock and is active.
2. Make sure the BSCAN_SWITCH_USER_MASK device property in Vivado Hardware Manager reflects the user scan chain setting in the design and refresh the device.  To determine the user scan chain setting in the design, open the implemented design and use 'get_property C_USER_SCAN_CHAIN [get_debug_cores dbg_hub]'.
For more details on setting the scan chain property, consult the Vivado Debug and Programming User Guide (UG908).
set_property PROBES.FILE {} [get_hw_devices xc7a100t_0]
set_property FULL_PROBES.FILE {} [get_hw_devices xc7a100t_0]
set_property PROGRAM.FILE {C:/Users/hugob/Desktop/Stage/Projets/project_2/project_2.runs/impl_1/t_serial.bit} [get_hw_devices xc7a100t_0]
program_hw_devices [get_hw_devices xc7a100t_0]
INFO: [Labtools 27-3164] End of startup status: HIGH
refresh_hw_device [lindex [get_hw_devices xc7a100t_0] 0]
INFO: [Labtools 27-1434] Device xc7a100t (JTAG device index = 0) is programmed with a design that has no supported debug core(s) in it.
WARNING: [Labtools 27-3361] The debug hub core was not detected.
Resolution: 
1. Make sure the clock connected to the debug hub (dbg_hub) core is a free running clock and is active.
2. Make sure the BSCAN_SWITCH_USER_MASK device property in Vivado Hardware Manager reflects the user scan chain setting in the design and refresh the device.  To determine the user scan chain setting in the design, open the implemented design and use 'get_property C_USER_SCAN_CHAIN [get_debug_cores dbg_hub]'.
For more details on setting the scan chain property, consult the Vivado Debug and Programming User Guide (UG908).
reset_run synth_1
launch_runs synth_1 -jobs 4
[Mon Jun 18 14:58:32 2018] Launched synth_1...
Run output will be captured here: C:/Users/hugob/Desktop/Stage/Projets/project_2/project_2.runs/synth_1/runme.log
launch_runs impl_1 -jobs 4
[Mon Jun 18 15:00:39 2018] Launched impl_1...
Run output will be captured here: C:/Users/hugob/Desktop/Stage/Projets/project_2/project_2.runs/impl_1/runme.log
launch_runs impl_1 -to_step write_bitstream -jobs 4
[Mon Jun 18 15:03:06 2018] Launched impl_1...
Run output will be captured here: C:/Users/hugob/Desktop/Stage/Projets/project_2/project_2.runs/impl_1/runme.log
set_property PROBES.FILE {} [get_hw_devices xc7a100t_0]
set_property FULL_PROBES.FILE {} [get_hw_devices xc7a100t_0]
set_property PROGRAM.FILE {C:/Users/hugob/Desktop/Stage/Projets/project_2/project_2.runs/impl_1/t_serial.bit} [get_hw_devices xc7a100t_0]
program_hw_devices [get_hw_devices xc7a100t_0]
INFO: [Labtools 27-3164] End of startup status: HIGH
refresh_hw_device [lindex [get_hw_devices xc7a100t_0] 0]
INFO: [Labtools 27-1434] Device xc7a100t (JTAG device index = 0) is programmed with a design that has no supported debug core(s) in it.
WARNING: [Labtools 27-3361] The debug hub core was not detected.
Resolution: 
1. Make sure the clock connected to the debug hub (dbg_hub) core is a free running clock and is active.
2. Make sure the BSCAN_SWITCH_USER_MASK device property in Vivado Hardware Manager reflects the user scan chain setting in the design and refresh the device.  To determine the user scan chain setting in the design, open the implemented design and use 'get_property C_USER_SCAN_CHAIN [get_debug_cores dbg_hub]'.
For more details on setting the scan chain property, consult the Vivado Debug and Programming User Guide (UG908).
set_property PROBES.FILE {} [get_hw_devices xc7a100t_0]
set_property FULL_PROBES.FILE {} [get_hw_devices xc7a100t_0]
set_property PROGRAM.FILE {C:/Users/hugob/Desktop/Stage/Projets/project_2/project_2.runs/impl_1/t_serial.bit} [get_hw_devices xc7a100t_0]
program_hw_devices [get_hw_devices xc7a100t_0]
INFO: [Labtools 27-3164] End of startup status: HIGH
refresh_hw_device [lindex [get_hw_devices xc7a100t_0] 0]
INFO: [Labtools 27-1434] Device xc7a100t (JTAG device index = 0) is programmed with a design that has no supported debug core(s) in it.
WARNING: [Labtools 27-3361] The debug hub core was not detected.
Resolution: 
1. Make sure the clock connected to the debug hub (dbg_hub) core is a free running clock and is active.
2. Make sure the BSCAN_SWITCH_USER_MASK device property in Vivado Hardware Manager reflects the user scan chain setting in the design and refresh the device.  To determine the user scan chain setting in the design, open the implemented design and use 'get_property C_USER_SCAN_CHAIN [get_debug_cores dbg_hub]'.
For more details on setting the scan chain property, consult the Vivado Debug and Programming User Guide (UG908).
reset_run synth_1
launch_runs synth_1 -jobs 4
[Mon Jun 18 15:10:23 2018] Launched synth_1...
Run output will be captured here: C:/Users/hugob/Desktop/Stage/Projets/project_2/project_2.runs/synth_1/runme.log
launch_runs impl_1 -jobs 4
[Mon Jun 18 15:12:23 2018] Launched impl_1...
Run output will be captured here: C:/Users/hugob/Desktop/Stage/Projets/project_2/project_2.runs/impl_1/runme.log
launch_runs impl_1 -to_step write_bitstream -jobs 4
[Mon Jun 18 15:13:58 2018] Launched impl_1...
Run output will be captured here: C:/Users/hugob/Desktop/Stage/Projets/project_2/project_2.runs/impl_1/runme.log
set_property PROBES.FILE {} [get_hw_devices xc7a100t_0]
set_property FULL_PROBES.FILE {} [get_hw_devices xc7a100t_0]
set_property PROGRAM.FILE {C:/Users/hugob/Desktop/Stage/Projets/project_2/project_2.runs/impl_1/t_serial.bit} [get_hw_devices xc7a100t_0]
program_hw_devices [get_hw_devices xc7a100t_0]
INFO: [Labtools 27-3164] End of startup status: HIGH
refresh_hw_device [lindex [get_hw_devices xc7a100t_0] 0]
INFO: [Labtools 27-1434] Device xc7a100t (JTAG device index = 0) is programmed with a design that has no supported debug core(s) in it.
WARNING: [Labtools 27-3361] The debug hub core was not detected.
Resolution: 
1. Make sure the clock connected to the debug hub (dbg_hub) core is a free running clock and is active.
2. Make sure the BSCAN_SWITCH_USER_MASK device property in Vivado Hardware Manager reflects the user scan chain setting in the design and refresh the device.  To determine the user scan chain setting in the design, open the implemented design and use 'get_property C_USER_SCAN_CHAIN [get_debug_cores dbg_hub]'.
For more details on setting the scan chain property, consult the Vivado Debug and Programming User Guide (UG908).
reset_run synth_1
launch_runs synth_1 -jobs 4
[Mon Jun 18 15:18:56 2018] Launched synth_1...
Run output will be captured here: C:/Users/hugob/Desktop/Stage/Projets/project_2/project_2.runs/synth_1/runme.log
launch_runs impl_1 -jobs 4
[Mon Jun 18 15:20:39 2018] Launched impl_1...
Run output will be captured here: C:/Users/hugob/Desktop/Stage/Projets/project_2/project_2.runs/impl_1/runme.log
launch_runs impl_1 -to_step write_bitstream -jobs 4
[Mon Jun 18 15:22:12 2018] Launched impl_1...
Run output will be captured here: C:/Users/hugob/Desktop/Stage/Projets/project_2/project_2.runs/impl_1/runme.log
set_property PROBES.FILE {} [get_hw_devices xc7a100t_0]
set_property FULL_PROBES.FILE {} [get_hw_devices xc7a100t_0]
set_property PROGRAM.FILE {C:/Users/hugob/Desktop/Stage/Projets/project_2/project_2.runs/impl_1/t_serial.bit} [get_hw_devices xc7a100t_0]
program_hw_devices [get_hw_devices xc7a100t_0]
INFO: [Labtools 27-3164] End of startup status: HIGH
refresh_hw_device [lindex [get_hw_devices xc7a100t_0] 0]
INFO: [Labtools 27-1434] Device xc7a100t (JTAG device index = 0) is programmed with a design that has no supported debug core(s) in it.
WARNING: [Labtools 27-3361] The debug hub core was not detected.
Resolution: 
1. Make sure the clock connected to the debug hub (dbg_hub) core is a free running clock and is active.
2. Make sure the BSCAN_SWITCH_USER_MASK device property in Vivado Hardware Manager reflects the user scan chain setting in the design and refresh the device.  To determine the user scan chain setting in the design, open the implemented design and use 'get_property C_USER_SCAN_CHAIN [get_debug_cores dbg_hub]'.
For more details on setting the scan chain property, consult the Vivado Debug and Programming User Guide (UG908).
ERROR: [Labtoolstcl 44-513] HW Target shutdown. Closing target: localhost:3121/xilinx_tcf/Digilent/210274505169A
disconnect_hw_server localhost:3121
connect_hw_server
INFO: [Labtools 27-2285] Connecting to hw_server url TCP:localhost:3121
ERROR: [Labtoolstcl 44-494] There is no active target available for server at localhost.
 Targets(s) ", jsn-Nexys4-210274505169A" may be locked by another hw_server.
disconnect_hw_server localhost:3121
connect_hw_server
INFO: [Labtools 27-2285] Connecting to hw_server url TCP:localhost:3121
ERROR: [Labtoolstcl 44-494] There is no active target available for server at localhost.
 Targets(s) ", jsn-Nexys4-210274505169A" may be locked by another hw_server.
reset_run synth_1
launch_runs synth_1 -jobs 4
[Mon Jun 18 15:39:40 2018] Launched synth_1...
Run output will be captured here: C:/Users/hugob/Desktop/Stage/Projets/project_2/project_2.runs/synth_1/runme.log
launch_runs impl_1 -jobs 4
[Mon Jun 18 15:40:44 2018] Launched impl_1...
Run output will be captured here: C:/Users/hugob/Desktop/Stage/Projets/project_2/project_2.runs/impl_1/runme.log
launch_runs impl_1 -to_step write_bitstream -jobs 4
[Mon Jun 18 15:42:26 2018] Launched impl_1...
Run output will be captured here: C:/Users/hugob/Desktop/Stage/Projets/project_2/project_2.runs/impl_1/runme.log
disconnect_hw_server localhost:3121
connect_hw_server
INFO: [Labtools 27-2285] Connecting to hw_server url TCP:localhost:3121
open_hw_target
INFO: [Labtoolstcl 44-466] Opening hw_target localhost:3121/xilinx_tcf/Digilent/210274505169A
set_property PROGRAM.FILE {C:/Users/hugob/Desktop/Stage/Projets/project_2/project_2.runs/impl_1/t_serial.bit} [get_hw_devices xc7a100t_0]
current_hw_device [get_hw_devices xc7a100t_0]
refresh_hw_device -update_hw_probes false [lindex [get_hw_devices xc7a100t_0] 0]
INFO: [Labtools 27-1434] Device xc7a100t (JTAG device index = 0) is programmed with a design that has no supported debug core(s) in it.
WARNING: [Labtools 27-3361] The debug hub core was not detected.
Resolution: 
1. Make sure the clock connected to the debug hub (dbg_hub) core is a free running clock and is active.
2. Make sure the BSCAN_SWITCH_USER_MASK device property in Vivado Hardware Manager reflects the user scan chain setting in the design and refresh the device.  To determine the user scan chain setting in the design, open the implemented design and use 'get_property C_USER_SCAN_CHAIN [get_debug_cores dbg_hub]'.
For more details on setting the scan chain property, consult the Vivado Debug and Programming User Guide (UG908).
set_property PROBES.FILE {} [get_hw_devices xc7a100t_0]
set_property FULL_PROBES.FILE {} [get_hw_devices xc7a100t_0]
set_property PROGRAM.FILE {C:/Users/hugob/Desktop/Stage/Projets/project_2/project_2.runs/impl_1/t_serial.bit} [get_hw_devices xc7a100t_0]
program_hw_devices [get_hw_devices xc7a100t_0]
INFO: [Labtools 27-3164] End of startup status: HIGH
refresh_hw_device [lindex [get_hw_devices xc7a100t_0] 0]
INFO: [Labtools 27-1434] Device xc7a100t (JTAG device index = 0) is programmed with a design that has no supported debug core(s) in it.
WARNING: [Labtools 27-3361] The debug hub core was not detected.
Resolution: 
1. Make sure the clock connected to the debug hub (dbg_hub) core is a free running clock and is active.
2. Make sure the BSCAN_SWITCH_USER_MASK device property in Vivado Hardware Manager reflects the user scan chain setting in the design and refresh the device.  To determine the user scan chain setting in the design, open the implemented design and use 'get_property C_USER_SCAN_CHAIN [get_debug_cores dbg_hub]'.
For more details on setting the scan chain property, consult the Vivado Debug and Programming User Guide (UG908).
reset_run synth_1
launch_runs synth_1 -jobs 4
[Mon Jun 18 15:50:41 2018] Launched synth_1...
Run output will be captured here: C:/Users/hugob/Desktop/Stage/Projets/project_2/project_2.runs/synth_1/runme.log
launch_runs impl_1 -jobs 4
[Mon Jun 18 15:59:26 2018] Launched impl_1...
Run output will be captured here: C:/Users/hugob/Desktop/Stage/Projets/project_2/project_2.runs/impl_1/runme.log
launch_runs impl_1 -to_step write_bitstream -jobs 4
[Mon Jun 18 16:06:49 2018] Launched impl_1...
Run output will be captured here: C:/Users/hugob/Desktop/Stage/Projets/project_2/project_2.runs/impl_1/runme.log
set_property PROBES.FILE {} [get_hw_devices xc7a100t_0]
set_property FULL_PROBES.FILE {} [get_hw_devices xc7a100t_0]
set_property PROGRAM.FILE {C:/Users/hugob/Desktop/Stage/Projets/project_2/project_2.runs/impl_1/t_serial.bit} [get_hw_devices xc7a100t_0]
program_hw_devices [get_hw_devices xc7a100t_0]
INFO: [Labtools 27-3164] End of startup status: HIGH
refresh_hw_device [lindex [get_hw_devices xc7a100t_0] 0]
INFO: [Labtools 27-1434] Device xc7a100t (JTAG device index = 0) is programmed with a design that has no supported debug core(s) in it.
WARNING: [Labtools 27-3361] The debug hub core was not detected.
Resolution: 
1. Make sure the clock connected to the debug hub (dbg_hub) core is a free running clock and is active.
2. Make sure the BSCAN_SWITCH_USER_MASK device property in Vivado Hardware Manager reflects the user scan chain setting in the design and refresh the device.  To determine the user scan chain setting in the design, open the implemented design and use 'get_property C_USER_SCAN_CHAIN [get_debug_cores dbg_hub]'.
For more details on setting the scan chain property, consult the Vivado Debug and Programming User Guide (UG908).
reset_run synth_1
launch_runs synth_1 -jobs 4
[Mon Jun 18 16:27:25 2018] Launched synth_1...
Run output will be captured here: C:/Users/hugob/Desktop/Stage/Projets/project_2/project_2.runs/synth_1/runme.log
launch_runs impl_1 -jobs 4
[Mon Jun 18 16:52:13 2018] Launched impl_1...
Run output will be captured here: C:/Users/hugob/Desktop/Stage/Projets/project_2/project_2.runs/impl_1/runme.log
launch_runs impl_1 -to_step write_bitstream -jobs 4
[Mon Jun 18 16:54:49 2018] Launched impl_1...
Run output will be captured here: C:/Users/hugob/Desktop/Stage/Projets/project_2/project_2.runs/impl_1/runme.log
set_property PROBES.FILE {} [get_hw_devices xc7a100t_0]
set_property FULL_PROBES.FILE {} [get_hw_devices xc7a100t_0]
set_property PROGRAM.FILE {C:/Users/hugob/Desktop/Stage/Projets/project_2/project_2.runs/impl_1/t_serial.bit} [get_hw_devices xc7a100t_0]
program_hw_devices [get_hw_devices xc7a100t_0]
INFO: [Labtools 27-3164] End of startup status: HIGH
refresh_hw_device [lindex [get_hw_devices xc7a100t_0] 0]
INFO: [Labtools 27-1434] Device xc7a100t (JTAG device index = 0) is programmed with a design that has no supported debug core(s) in it.
WARNING: [Labtools 27-3361] The debug hub core was not detected.
Resolution: 
1. Make sure the clock connected to the debug hub (dbg_hub) core is a free running clock and is active.
2. Make sure the BSCAN_SWITCH_USER_MASK device property in Vivado Hardware Manager reflects the user scan chain setting in the design and refresh the device.  To determine the user scan chain setting in the design, open the implemented design and use 'get_property C_USER_SCAN_CHAIN [get_debug_cores dbg_hub]'.
For more details on setting the scan chain property, consult the Vivado Debug and Programming User Guide (UG908).
exit
INFO: [Common 17-206] Exiting Vivado at Mon Jun 18 16:56:46 2018...
