#-----------------------------------------------------------
# Vivado v2018.1 (64-bit)
# SW Build 2188600 on Wed Apr  4 18:40:38 MDT 2018
# IP Build 2185939 on Wed Apr  4 20:55:05 MDT 2018
# Start of session at: Wed May 23 09:09:11 2018
# Process ID: 9464
# Current directory: C:/Users/hugob/Desktop/project_2
# Command line: vivado.exe -gui_launcher_event rodinguilauncherevent16372 C:\Users\hugob\Desktop\project_2\project_2.xpr
# Log file: C:/Users/hugob/Desktop/project_2/vivado.log
# Journal file: C:/Users/hugob/Desktop/project_2\vivado.jou
#-----------------------------------------------------------
start_gui
open_project C:/Users/hugob/Desktop/project_2/project_2.xpr
Scanning sources...
Finished scanning sources
INFO: [IP_Flow 19-234] Refreshing IP repositories
INFO: [IP_Flow 19-1704] No user IP repositories specified
INFO: [IP_Flow 19-2313] Loaded Vivado IP repository 'C:/Vivado/Vivado/2018.1/data/ip'.
open_project: Time (s): cpu = 00:00:20 ; elapsed = 00:00:11 . Memory (MB): peak = 812.234 ; gain = 81.254
update_compile_order -fileset sources_1
