#-----------------------------------------------------------
# Vivado v2018.1 (64-bit)
# SW Build 2188600 on Wed Apr  4 18:40:38 MDT 2018
# IP Build 2185939 on Wed Apr  4 20:55:05 MDT 2018
# Start of session at: Fri Jun 29 04:05:28 2018
# Process ID: 3396
# Current directory: C:/Users/hugob/Desktop/Stage/1_VHDL_RGB
# Command line: vivado.exe -gui_launcher_event rodinguilauncherevent4268 C:\Users\hugob\Desktop\Stage\1_VHDL_RGB\project_2.xpr
# Log file: C:/Users/hugob/Desktop/Stage/1_VHDL_RGB/vivado.log
# Journal file: C:/Users/hugob/Desktop/Stage/1_VHDL_RGB\vivado.jou
#-----------------------------------------------------------
start_gui
open_project C:/Users/hugob/Desktop/Stage/1_VHDL_RGB/project_2.xpr
INFO: [Project 1-313] Project file moved from 'C:/Users/hugob/Desktop/1_VHDL_RGB' since last save.
Scanning sources...
Finished scanning sources
INFO: [IP_Flow 19-234] Refreshing IP repositories
INFO: [IP_Flow 19-1704] No user IP repositories specified
INFO: [IP_Flow 19-2313] Loaded Vivado IP repository 'C:/Vivado/Vivado/2018.1/data/ip'.
open_project: Time (s): cpu = 00:00:13 ; elapsed = 00:00:06 . Memory (MB): peak = 881.621 ; gain = 144.863
update_compile_order -fileset sources_1
exit
INFO: [Common 17-206] Exiting Vivado at Fri Jun 29 04:07:00 2018...
